<?xml version="1.0" encoding="UTF-8"?>
<testng-results ignored="0" total="1" passed="1" failed="0" skipped="0">
  <reporter-output>
  </reporter-output>
  <suite started-at="2024-07-26T02:04:12 IST" name="Default suite" finished-at="2024-07-26T02:04:21 IST" duration-ms="8653">
    <groups>
    </groups>
    <test started-at="2024-07-26T02:04:12 IST" name="Default test" finished-at="2024-07-26T02:04:21 IST" duration-ms="8653">
      <class name="Testing.TestExecutions">
        <test-method is-config="true" signature="beforeMethod()[pri:0, instance:Testing.TestExecutions@42e99e4a]" started-at="2024-07-26T02:04:12 IST" name="beforeMethod" finished-at="2024-07-26T02:04:14 IST" duration-ms="1550" status="PASS">
          <reporter-output>
          </reporter-output>
        </test-method> <!-- beforeMethod -->
        <test-method signature="TestCase1()[pri:0, instance:Testing.TestExecutions@42e99e4a]" started-at="2024-07-26T02:04:14 IST" name="TestCase1" finished-at="2024-07-26T02:04:21 IST" duration-ms="6887" status="PASS">
          <reporter-output>
          </reporter-output>
        </test-method> <!-- TestCase1 -->
        <test-method is-config="true" signature="afterMethod()[pri:0, instance:Testing.TestExecutions@42e99e4a]" started-at="2024-07-26T02:04:21 IST" name="afterMethod" finished-at="2024-07-26T02:04:21 IST" duration-ms="192" status="PASS">
          <reporter-output>
          </reporter-output>
        </test-method> <!-- afterMethod -->
      </class> <!-- Testing.TestExecutions -->
    </test> <!-- Default test -->
  </suite> <!-- Default suite -->
</testng-results>
